<?xml version="1.0" encoding="UTF-8"?>
<testng-results ignored="0" total="1" passed="1" failed="0" skipped="0">
  <reporter-output>
  </reporter-output>
  <suite started-at="2023-11-27T18:22:32 IST" name="Suite" finished-at="2023-11-27T18:22:47 IST" duration-ms="15112">
    <groups>
    </groups>
    <test started-at="2023-11-27T18:22:32 IST" name="Test" finished-at="2023-11-27T18:22:47 IST" duration-ms="15112">
      <class name="test.sampleTest.IntranetLogin_test">
        <test-method is-config="true" signature="generateReport()[pri:0, instance:test.sampleTest.IntranetLogin_test@574b560f]" started-at="2023-11-27T18:22:31 IST" name="generateReport" finished-at="2023-11-27T18:22:32 IST" duration-ms="614" status="PASS">
          <reporter-output>
          </reporter-output>
        </test-method> <!-- generateReport -->
        <test-method is-config="true" signature="setupOpen()[pri:0, instance:test.sampleTest.IntranetLogin_test@574b560f]" started-at="2023-11-27T18:22:34 IST" name="setupOpen" finished-at="2023-11-27T18:22:43 IST" duration-ms="8921" status="PASS">
          <reporter-output>
          </reporter-output>
        </test-method> <!-- setupOpen -->
        <test-method signature="tc_01_Login(java.lang.String,java.lang.String,java.lang.reflect.Method)[pri:0, instance:test.sampleTest.IntranetLogin_test@574b560f]" started-at="2023-11-27T18:22:43 IST" name="tc_01_Login" data-provider="Intranet_Login" finished-at="2023-11-27T18:22:45 IST" duration-ms="2472" status="PASS">
          <params>
            <param index="0">
              <value>
                <![CDATA[vishal.chincholi]]>
              </value>
            </param>
            <param index="1">
              <value>
                <![CDATA[Password@123]]>
              </value>
            </param>
            <param index="2">
              <value>
                <![CDATA[public void test.sampleTest.IntranetLogin_test.tc_01_Login(java.lang.String,java.lang.String,java.lang.reflect.Method)]]>
              </value>
            </param>
          </params>
          <reporter-output>
          </reporter-output>
        </test-method> <!-- tc_01_Login -->
        <test-method is-config="true" signature="setupClose(org.testng.ITestResult)[pri:0, instance:test.sampleTest.IntranetLogin_test@574b560f]" started-at="2023-11-27T18:22:45 IST" name="setupClose" finished-at="2023-11-27T18:22:46 IST" duration-ms="461" status="PASS">
          <params>
            <param index="0">
              <value>
                <![CDATA[[TestResult name=tc_01_Login status=SUCCESS method=IntranetLogin_test.tc_01_Login(java.lang.String,java.lang.String,java.lang.reflect.Method)[pri:0, instance:test.sampleTest.IntranetLogin_test@574b560f] output={null}]]]>
              </value>
            </param>
          </params>
          <reporter-output>
          </reporter-output>
        </test-method> <!-- setupClose -->
        <test-method is-config="true" signature="reportFlush()[pri:0, instance:test.sampleTest.IntranetLogin_test@574b560f]" started-at="2023-11-27T18:22:46 IST" name="reportFlush" finished-at="2023-11-27T18:22:47 IST" duration-ms="852" status="PASS">
          <reporter-output>
          </reporter-output>
        </test-method> <!-- reportFlush -->
      </class> <!-- test.sampleTest.IntranetLogin_test -->
    </test> <!-- Test -->
  </suite> <!-- Suite -->
</testng-results>
